# JRE version: OpenJDK Runtime Environment (8.0_112-b06) (build 1.8.0_112-release-b06)
# Java VM: OpenJDK 64-Bit Server VM (25.112-b06 mixed mode windows-amd64 compressed oops)
Heap:
 PSYoungGen      total 254976K, used 32104K [0x00000000d5f80000, 0x00000000eaa80000, 0x0000000100000000)
  eden space 239616K, 13% used [0x00000000d5f80000,0x00000000d7eda318,0x00000000e4980000)
  from space 15360K, 0% used [0x00000000e4980000,0x00000000e4980000,0x00000000e5880000)
  to   space 18432K, 0% used [0x00000000e9880000,0x00000000e9880000,0x00000000eaa80000)
 ParOldGen       total 81920K, used 28725K [0x0000000081e00000, 0x0000000086e00000, 0x00000000d5f80000)
  object space 81920K, 35% used [0x0000000081e00000,0x0000000083a0d650,0x0000000086e00000)
 Metaspace       used 58171K, capacity 60526K, committed 60800K, reserved 1101824K
  class space    used 7327K, capacity 7780K, committed 7808K, reserved 1048576K
GC Heap History (10 events):
Event: 3.361 GC heap before
{Heap before GC invocations=10 (full 2):
 PSYoungGen      total 198656K, used 9434K [0x00000000d5f80000, 0x00000000e4a80000, 0x0000000100000000)
  eden space 187392K, 0% used [0x00000000d5f80000,0x00000000d5f80000,0x00000000e1680000)
  from space 11264K, 83% used [0x00000000e2200000,0x00000000e2b36890,0x00000000e2d00000)
  to   space 11776K, 0% used [0x00000000e1680000,0x00000000e1680000,0x00000000e2200000)
 ParOldGen       total 53248K, used 10876K [0x0000000081e00000, 0x0000000085200000, 0x00000000d5f80000)
  object space 53248K, 20% used [0x0000000081e00000,0x000000008289f338,0x0000000085200000)
 Metaspace       used 34200K, capacity 35288K, committed 35496K, reserved 1081344K
  class space    used 4249K, capacity 4492K, committed 4608K, reserved 1048576K
Event: 3.414 GC heap after
Heap after GC invocations=10 (full 2):
 PSYoungGen      total 198656K, used 0K [0x00000000d5f80000, 0x00000000e4a80000, 0x0000000100000000)
  eden space 187392K, 0% used [0x00000000d5f80000,0x00000000d5f80000,0x00000000e1680000)
  from space 11264K, 0% used [0x00000000e2200000,0x00000000e2200000,0x00000000e2d00000)
  to   space 11776K, 0% used [0x00000000e1680000,0x00000000e1680000,0x00000000e2200000)
 ParOldGen       total 81920K, used 14780K [0x0000000081e00000, 0x0000000086e00000, 0x00000000d5f80000)
  object space 81920K, 18% used [0x0000000081e00000,0x0000000082c6f128,0x0000000086e00000)
 Metaspace       used 34200K, capacity 35288K, committed 35496K, reserved 1081344K
  class space    used 4249K, capacity 4492K, committed 4608K, reserved 1048576K
}
Event: 5.052 GC heap before
{Heap before GC invocations=11 (full 2):
 PSYoungGen      total 198656K, used 187392K [0x00000000d5f80000, 0x00000000e4a80000, 0x0000000100000000)
  eden space 187392K, 100% used [0x00000000d5f80000,0x00000000e1680000,0x00000000e1680000)
  from space 11264K, 0% used [0x00000000e2200000,0x00000000e2200000,0x00000000e2d00000)
  to   space 11776K, 0% used [0x00000000e1680000,0x00000000e1680000,0x00000000e2200000)
 ParOldGen       total 81920K, used 14780K [0x0000000081e00000, 0x0000000086e00000, 0x00000000d5f80000)
  object space 81920K, 18% used [0x0000000081e00000,0x0000000082c6f128,0x0000000086e00000)
 Metaspace       used 43021K, capacity 44782K, committed 44800K, reserved 1087488K
  class space    used 5515K, capacity 5871K, committed 5888K, reserved 1048576K
Event: 5.067 GC heap after
Heap after GC invocations=11 (full 2):
 PSYoungGen      total 199168K, used 11759K [0x00000000d5f80000, 0x00000000e6680000, 0x0000000100000000)
  eden space 187392K, 0% used [0x00000000d5f80000,0x00000000d5f80000,0x00000000e1680000)
  from space 11776K, 99% used [0x00000000e1680000,0x00000000e21fbd38,0x00000000e2200000)
  to   space 13824K, 0% used [0x00000000e5900000,0x00000000e5900000,0x00000000e6680000)
 ParOldGen       total 81920K, used 16679K [0x0000000081e00000, 0x0000000086e00000, 0x00000000d5f80000)
  object space 81920K, 20% used [0x0000000081e00000,0x0000000082e49e18,0x0000000086e00000)
 Metaspace       used 43021K, capacity 44782K, committed 44800K, reserved 1087488K
  class space    used 5515K, capacity 5871K, committed 5888K, reserved 1048576K
}
Event: 6.175 GC heap before
{Heap before GC invocations=12 (full 2):
 PSYoungGen      total 199168K, used 199151K [0x00000000d5f80000, 0x00000000e6680000, 0x0000000100000000)
  eden space 187392K, 100% used [0x00000000d5f80000,0x00000000e1680000,0x00000000e1680000)
  from space 11776K, 99% used [0x00000000e1680000,0x00000000e21fbd38,0x00000000e2200000)
  to   space 13824K, 0% used [0x00000000e5900000,0x00000000e5900000,0x00000000e6680000)
 ParOldGen       total 81920K, used 16679K [0x0000000081e00000, 0x0000000086e00000, 0x00000000d5f80000)
  object space 81920K, 20% used [0x0000000081e00000,0x0000000082e49e18,0x0000000086e00000)
 Metaspace       used 48265K, capacity 50324K, committed 50432K, reserved 1093632K
  class space    used 6173K, capacity 6571K, committed 6656K, reserved 1048576K
Event: 6.192 GC heap after
Heap after GC invocations=12 (full 2):
 PSYoungGen      total 253440K, used 13657K [0x00000000d5f80000, 0x00000000e6780000, 0x0000000100000000)
  eden space 239616K, 0% used [0x00000000d5f80000,0x00000000d5f80000,0x00000000e4980000)
  from space 13824K, 98% used [0x00000000e5900000,0x00000000e6656480,0x00000000e6680000)
  to   space 15360K, 0% used [0x00000000e4980000,0x00000000e4980000,0x00000000e5880000)
 ParOldGen       total 81920K, used 16687K [0x0000000081e00000, 0x0000000086e00000, 0x00000000d5f80000)
  object space 81920K, 20% used [0x0000000081e00000,0x0000000082e4be18,0x0000000086e00000)
 Metaspace       used 48265K, capacity 50324K, committed 50432K, reserved 1093632K
  class space    used 6173K, capacity 6571K, committed 6656K, reserved 1048576K
}
Event: 7.513 GC heap before
{Heap before GC invocations=13 (full 2):
 PSYoungGen      total 253440K, used 100500K [0x00000000d5f80000, 0x00000000e6780000, 0x0000000100000000)
  eden space 239616K, 36% used [0x00000000d5f80000,0x00000000db44eca0,0x00000000e4980000)
  from space 13824K, 98% used [0x00000000e5900000,0x00000000e6656480,0x00000000e6680000)
  to   space 15360K, 0% used [0x00000000e4980000,0x00000000e4980000,0x00000000e5880000)
 ParOldGen       total 81920K, used 16687K [0x0000000081e00000, 0x0000000086e00000, 0x00000000d5f80000)
  object space 81920K, 20% used [0x0000000081e00000,0x0000000082e4be18,0x0000000086e00000)
 Metaspace       used 56707K, capacity 58982K, committed 59136K, reserved 1101824K
  class space    used 7152K, capacity 7584K, committed 7680K, reserved 1048576K
Event: 7.528 GC heap after
Heap after GC invocations=13 (full 2):
 PSYoungGen      total 254976K, used 15330K [0x00000000d5f80000, 0x00000000eaa80000, 0x0000000100000000)
  eden space 239616K, 0% used [0x00000000d5f80000,0x00000000d5f80000,0x00000000e4980000)
  from space 15360K, 99% used [0x00000000e4980000,0x00000000e5878a38,0x00000000e5880000)
  to   space 18432K, 0% used [0x00000000e9880000,0x00000000e9880000,0x00000000eaa80000)
 ParOldGen       total 81920K, used 20105K [0x0000000081e00000, 0x0000000086e00000, 0x00000000d5f80000)
  object space 81920K, 24% used [0x0000000081e00000,0x00000000831a2568,0x0000000086e00000)
 Metaspace       used 56707K, capacity 58982K, committed 59136K, reserved 1101824K
  class space    used 7152K, capacity 7584K, committed 7680K, reserved 1048576K
}
Event: 7.528 GC heap before
{Heap before GC invocations=14 (full 3):
 PSYoungGen      total 254976K, used 15330K [0x00000000d5f80000, 0x00000000eaa80000, 0x0000000100000000)
  eden space 239616K, 0% used [0x00000000d5f80000,0x00000000d5f80000,0x00000000e4980000)
  from space 15360K, 99% used [0x00000000e4980000,0x00000000e5878a38,0x00000000e5880000)
  to   space 18432K, 0% used [0x00000000e9880000,0x00000000e9880000,0x00000000eaa80000)
 ParOldGen       total 81920K, used 20105K [0x0000000081e00000, 0x0000000086e00000, 0x00000000d5f80000)
  object space 81920K, 24% used [0x0000000081e00000,0x00000000831a2568,0x0000000086e00000)
 Metaspace       used 56707K, capacity 58982K, committed 59136K, reserved 1101824K
  class space    used 7152K, capacity 7584K, committed 7680K, reserved 1048576K
Event: 7.674 GC heap after
Heap after GC invocations=14 (full 3):
 PSYoungGen      total 254976K, used 0K [0x00000000d5f80000, 0x00000000eaa80000, 0x0000000100000000)
  eden space 239616K, 0% used [0x00000000d5f80000,0x00000000d5f80000,0x00000000e4980000)
  from space 15360K, 0% used [0x00000000e4980000,0x00000000e4980000,0x00000000e5880000)
  to   space 18432K, 0% used [0x00000000e9880000,0x00000000e9880000,0x00000000eaa80000)
 ParOldGen       total 81920K, used 28725K [0x0000000081e00000, 0x0000000086e00000, 0x00000000d5f80000)
  object space 81920K, 35% used [0x0000000081e00000,0x0000000083a0d650,0x0000000086e00000)
 Metaspace       used 56707K, capacity 58982K, committed 59136K, reserved 1101824K
  class space    used 7152K, capacity 7584K, committed 7680K, reserved 1048576K
}

