# JRE version: OpenJDK Runtime Environment (8.0_112-b06) (build 1.8.0_112-release-b06)
# Java VM: OpenJDK 64-Bit Server VM (25.112-b06 mixed mode windows-amd64 compressed oops)
Heap:
 PSYoungGen      total 262656K, used 12849K [0x00000000d5f80000, 0x00000000eb400000, 0x0000000100000000)
  eden space 246784K, 5% used [0x00000000d5f80000,0x00000000d6c0c578,0x00000000e5080000)
  from space 15872K, 0% used [0x00000000e5080000,0x00000000e5080000,0x00000000e6000000)
  to   space 16896K, 0% used [0x00000000ea380000,0x00000000ea380000,0x00000000eb400000)
 ParOldGen       total 80896K, used 28383K [0x0000000081e00000, 0x0000000086d00000, 0x00000000d5f80000)
  object space 80896K, 35% used [0x0000000081e00000,0x00000000839b7ca0,0x0000000086d00000)
 Metaspace       used 57522K, capacity 59804K, committed 59904K, reserved 1101824K
  class space    used 7230K, capacity 7659K, committed 7680K, reserved 1048576K
GC Heap History (10 events):
Event: 3.649 GC heap before
{Heap before GC invocations=10 (full 2):
 PSYoungGen      total 201728K, used 9469K [0x00000000d5f80000, 0x00000000e4b00000, 0x0000000100000000)
  eden space 190464K, 0% used [0x00000000d5f80000,0x00000000d5f80000,0x00000000e1980000)
  from space 11264K, 84% used [0x00000000e2500000,0x00000000e2e3f538,0x00000000e3000000)
  to   space 11776K, 0% used [0x00000000e1980000,0x00000000e1980000,0x00000000e2500000)
 ParOldGen       total 53248K, used 11034K [0x0000000081e00000, 0x0000000085200000, 0x00000000d5f80000)
  object space 53248K, 20% used [0x0000000081e00000,0x00000000828c68a8,0x0000000085200000)
 Metaspace       used 34132K, capacity 35282K, committed 35496K, reserved 1081344K
  class space    used 4242K, capacity 4491K, committed 4608K, reserved 1048576K
Event: 3.710 GC heap after
Heap after GC invocations=10 (full 2):
 PSYoungGen      total 201728K, used 0K [0x00000000d5f80000, 0x00000000e4b00000, 0x0000000100000000)
  eden space 190464K, 0% used [0x00000000d5f80000,0x00000000d5f80000,0x00000000e1980000)
  from space 11264K, 0% used [0x00000000e2500000,0x00000000e2500000,0x00000000e3000000)
  to   space 11776K, 0% used [0x00000000e1980000,0x00000000e1980000,0x00000000e2500000)
 ParOldGen       total 80896K, used 14711K [0x0000000081e00000, 0x0000000086d00000, 0x00000000d5f80000)
  object space 80896K, 18% used [0x0000000081e00000,0x0000000082c5dd48,0x0000000086d00000)
 Metaspace       used 34132K, capacity 35282K, committed 35496K, reserved 1081344K
  class space    used 4242K, capacity 4491K, committed 4608K, reserved 1048576K
}
Event: 5.540 GC heap before
{Heap before GC invocations=11 (full 2):
 PSYoungGen      total 201728K, used 190464K [0x00000000d5f80000, 0x00000000e4b00000, 0x0000000100000000)
  eden space 190464K, 100% used [0x00000000d5f80000,0x00000000e1980000,0x00000000e1980000)
  from space 11264K, 0% used [0x00000000e2500000,0x00000000e2500000,0x00000000e3000000)
  to   space 11776K, 0% used [0x00000000e1980000,0x00000000e1980000,0x00000000e2500000)
 ParOldGen       total 80896K, used 14711K [0x0000000081e00000, 0x0000000086d00000, 0x00000000d5f80000)
  object space 80896K, 18% used [0x0000000081e00000,0x0000000082c5dd48,0x0000000086d00000)
 Metaspace       used 43151K, capacity 44944K, committed 45184K, reserved 1089536K
  class space    used 5533K, capacity 5906K, committed 6016K, reserved 1048576K
Event: 5.556 GC heap after
Heap after GC invocations=11 (full 2):
 PSYoungGen      total 202240K, used 11752K [0x00000000d5f80000, 0x00000000e6e00000, 0x0000000100000000)
  eden space 190464K, 0% used [0x00000000d5f80000,0x00000000d5f80000,0x00000000e1980000)
  from space 11776K, 99% used [0x00000000e1980000,0x00000000e24fa358,0x00000000e2500000)
  to   space 14336K, 0% used [0x00000000e6000000,0x00000000e6000000,0x00000000e6e00000)
 ParOldGen       total 80896K, used 17051K [0x0000000081e00000, 0x0000000086d00000, 0x00000000d5f80000)
  object space 80896K, 21% used [0x0000000081e00000,0x0000000082ea6c88,0x0000000086d00000)
 Metaspace       used 43151K, capacity 44944K, committed 45184K, reserved 1089536K
  class space    used 5533K, capacity 5906K, committed 6016K, reserved 1048576K
}
Event: 6.684 GC heap before
{Heap before GC invocations=12 (full 2):
 PSYoungGen      total 202240K, used 202216K [0x00000000d5f80000, 0x00000000e6e00000, 0x0000000100000000)
  eden space 190464K, 100% used [0x00000000d5f80000,0x00000000e1980000,0x00000000e1980000)
  from space 11776K, 99% used [0x00000000e1980000,0x00000000e24fa358,0x00000000e2500000)
  to   space 14336K, 0% used [0x00000000e6000000,0x00000000e6000000,0x00000000e6e00000)
 ParOldGen       total 80896K, used 17051K [0x0000000081e00000, 0x0000000086d00000, 0x00000000d5f80000)
  object space 80896K, 21% used [0x0000000081e00000,0x0000000082ea6c88,0x0000000086d00000)
 Metaspace       used 48868K, capacity 50908K, committed 51072K, reserved 1093632K
  class space    used 6290K, capacity 6703K, committed 6784K, reserved 1048576K
Event: 6.704 GC heap after
Heap after GC invocations=12 (full 2):
 PSYoungGen      total 261120K, used 14199K [0x00000000d5f80000, 0x00000000e6f80000, 0x0000000100000000)
  eden space 246784K, 0% used [0x00000000d5f80000,0x00000000d5f80000,0x00000000e5080000)
  from space 14336K, 99% used [0x00000000e6000000,0x00000000e6dddca8,0x00000000e6e00000)
  to   space 15872K, 0% used [0x00000000e5080000,0x00000000e5080000,0x00000000e6000000)
 ParOldGen       total 80896K, used 17059K [0x0000000081e00000, 0x0000000086d00000, 0x00000000d5f80000)
  object space 80896K, 21% used [0x0000000081e00000,0x0000000082ea8c88,0x0000000086d00000)
 Metaspace       used 48868K, capacity 50908K, committed 51072K, reserved 1093632K
  class space    used 6290K, capacity 6703K, committed 6784K, reserved 1048576K
}
Event: 7.990 GC heap before
{Heap before GC invocations=13 (full 2):
 PSYoungGen      total 261120K, used 97430K [0x00000000d5f80000, 0x00000000e6f80000, 0x0000000100000000)
  eden space 246784K, 33% used [0x00000000d5f80000,0x00000000db0c7d00,0x00000000e5080000)
  from space 14336K, 99% used [0x00000000e6000000,0x00000000e6dddca8,0x00000000e6e00000)
  to   space 15872K, 0% used [0x00000000e5080000,0x00000000e5080000,0x00000000e6000000)
 ParOldGen       total 80896K, used 17059K [0x0000000081e00000, 0x0000000086d00000, 0x00000000d5f80000)
  object space 80896K, 21% used [0x0000000081e00000,0x0000000082ea8c88,0x0000000086d00000)
 Metaspace       used 56705K, capacity 59000K, committed 59136K, reserved 1101824K
  class space    used 7149K, capacity 7589K, committed 7680K, reserved 1048576K
Event: 8.005 GC heap after
Heap after GC invocations=13 (full 2):
 PSYoungGen      total 262656K, used 12948K [0x00000000d5f80000, 0x00000000eb400000, 0x0000000100000000)
  eden space 246784K, 0% used [0x00000000d5f80000,0x00000000d5f80000,0x00000000e5080000)
  from space 15872K, 81% used [0x00000000e5080000,0x00000000e5d250c0,0x00000000e6000000)
  to   space 16896K, 0% used [0x00000000ea380000,0x00000000ea380000,0x00000000eb400000)
 ParOldGen       total 80896K, used 22615K [0x0000000081e00000, 0x0000000086d00000, 0x00000000d5f80000)
  object space 80896K, 27% used [0x0000000081e00000,0x0000000083415d00,0x0000000086d00000)
 Metaspace       used 56705K, capacity 59000K, committed 59136K, reserved 1101824K
  class space    used 7149K, capacity 7589K, committed 7680K, reserved 1048576K
}
Event: 8.005 GC heap before
{Heap before GC invocations=14 (full 3):
 PSYoungGen      total 262656K, used 12948K [0x00000000d5f80000, 0x00000000eb400000, 0x0000000100000000)
  eden space 246784K, 0% used [0x00000000d5f80000,0x00000000d5f80000,0x00000000e5080000)
  from space 15872K, 81% used [0x00000000e5080000,0x00000000e5d250c0,0x00000000e6000000)
  to   space 16896K, 0% used [0x00000000ea380000,0x00000000ea380000,0x00000000eb400000)
 ParOldGen       total 80896K, used 22615K [0x0000000081e00000, 0x0000000086d00000, 0x00000000d5f80000)
  object space 80896K, 27% used [0x0000000081e00000,0x0000000083415d00,0x0000000086d00000)
 Metaspace       used 56705K, capacity 59000K, committed 59136K, reserved 1101824K
  class space    used 7149K, capacity 7589K, committed 7680K, reserved 1048576K
Event: 8.156 GC heap after
Heap after GC invocations=14 (full 3):
 PSYoungGen      total 262656K, used 0K [0x00000000d5f80000, 0x00000000eb400000, 0x0000000100000000)
  eden space 246784K, 0% used [0x00000000d5f80000,0x00000000d5f80000,0x00000000e5080000)
  from space 15872K, 0% used [0x00000000e5080000,0x00000000e5080000,0x00000000e6000000)
  to   space 16896K, 0% used [0x00000000ea380000,0x00000000ea380000,0x00000000eb400000)
 ParOldGen       total 80896K, used 28383K [0x0000000081e00000, 0x0000000086d00000, 0x00000000d5f80000)
  object space 80896K, 35% used [0x0000000081e00000,0x00000000839b7ca0,0x0000000086d00000)
 Metaspace       used 56705K, capacity 59000K, committed 59136K, reserved 1101824K
  class space    used 7149K, capacity 7589K, committed 7680K, reserved 1048576K
}

